<?xml version="1.0" encoding="UTF-8"?>
<!-- Generated by org.testng.reporters.JUnitXMLReporter -->
<testsuite ignored="0" hostname="DESKTOP-9RQ8PI1" failures="1" tests="1" name="Register" time="11.684" errors="0" timestamp="2021-02-20T23:01:41 NZDT">
  <testcase classname="POMTestNG.FBRegisterTestLevelParameterTest" name="Register" time="0.022">
    <failure type="java.lang.NullPointerException" message="Cannot invoke &amp;quot;org.openqa.selenium.WebDriver.findElement(org.openqa.selenium.By)&amp;quot; because &amp;quot;this.driver&amp;quot; is null">
      <![CDATA[java.lang.NullPointerException: Cannot invoke "org.openqa.selenium.WebDriver.findElement(org.openqa.selenium.By)" because "this.driver" is null
at pageObjectModel.FBTestLevelParameter.click_CreateAccount(FBTestLevelParameter.java:40)
at POMTestNG.FBRegisterTestLevelParameterTest.Register(FBRegisterTestLevelParameterTest.java:41)
at java.base/java.util.ArrayList.forEach(ArrayList.java:1511)
... Removed 27 stack frames]]>
    </failure>
  </testcase> <!-- Register -->
</testsuite> <!-- Register -->
