<?xml version="1.0" encoding="UTF-8"?>
<!-- Generated by org.testng.reporters.JUnitXMLReporter -->
<testsuite ignored="0" hostname="DESKTOP-9RQ8PI1" failures="0" tests="7" name="TestAttribute" time="36.798" errors="0" timestamp="2021-02-22T00:04:25 NZDT">
  <testcase classname="POMTestNG.TradeMeTestAttributes" name="initialSetUp" time="7.023"/>
  <testcase classname="POMTestNG.TradeMeTestAttributes" name="navigateToWebPage" time="0.053"/>
  <testcase classname="POMTestNG.TradeMeTestAttributes" name="ClickLogin" time="2.942"/>
  <testcase classname="POMTestNG.TradeMeTestAttributes" name="ClickRegistration" time="6.658"/>
  <testcase classname="POMTestNG.TradeMeTestAttributes" name="SearchSomething" time="10.203"/>
  <testcase classname="POMTestNG.TradeMeTestAttributes" name="displayCart" time="8.493"/>
  <testcase classname="POMTestNG.TradeMeTestAttributes" name="tearDown" time="1.374"/>
</testsuite> <!-- TestAttribute -->
