<?xml version="1.0" encoding="UTF-8"?>
<!-- Generated by org.testng.reporters.JUnitXMLReporter -->
<testsuite ignored="3" hostname="DESKTOP-9RQ8PI1" failures="2" tests="2" name="TrademeTestGroup" time="0.057" errors="0" timestamp="2021-02-22T00:03:07 NZDT">
  <testcase classname="POMTestNG.TradeMeHomeTest" name="navigateToWebPage" time="0.01">
    <failure type="java.lang.NullPointerException" message="Cannot invoke &amp;quot;pageObjectModel.TrademeHome.waitToLoad()&amp;quot; because &amp;quot;this.Home&amp;quot; is null">
      <![CDATA[java.lang.NullPointerException: Cannot invoke "pageObjectModel.TrademeHome.waitToLoad()" because "this.Home" is null
at POMTestNG.TradeMeHomeTest.navigateToWebPage(TradeMeHomeTest.java:36)
at java.base/java.util.ArrayList.forEach(ArrayList.java:1511)
... Removed 27 stack frames]]>
    </failure>
  </testcase> <!-- navigateToWebPage -->
  <testcase classname="POMTestNG.TradeMeHomeTest" name="ClickLogin" time="0.001">
    <failure type="java.lang.NullPointerException" message="Cannot invoke &amp;quot;pageObjectModel.TrademeHome.clickLoginLink()&amp;quot; because &amp;quot;this.Home&amp;quot; is null">
      <![CDATA[java.lang.NullPointerException: Cannot invoke "pageObjectModel.TrademeHome.clickLoginLink()" because "this.Home" is null
at POMTestNG.TradeMeHomeTest.ClickLogin(TradeMeHomeTest.java:50)
at java.base/java.util.ArrayList.forEach(ArrayList.java:1511)
... Removed 27 stack frames]]>
    </failure>
  </testcase> <!-- ClickLogin -->
  <testcase classname="POMTestNG.TradeMeHomeTest" name="SearchSomething" time="0.0">
    <ignored/>
  </testcase> <!-- SearchSomething -->
  <testcase classname="POMTestNG.TradeMeHomeTest" name="ClickRegistration" time="0.0">
    <ignored/>
  </testcase> <!-- ClickRegistration -->
  <testcase classname="POMTestNG.TradeMeHomeTest" name="displayCart" time="0.0">
    <ignored/>
  </testcase> <!-- displayCart -->
</testsuite> <!-- TrademeTestGroup -->
