<?xml version="1.0" encoding="UTF-8"?>
<testng-results ignored="0" total="7" passed="7" failed="0" skipped="0">
  <reporter-output>
  </reporter-output>
  <suite started-at="2021-02-22T00:03:48 NZDT" name="Suite" finished-at="2021-02-22T00:04:25 NZDT" duration-ms="36798">
    <groups>
    </groups>
    <test started-at="2021-02-22T00:03:48 NZDT" name="TestAttribute" finished-at="2021-02-22T00:04:25 NZDT" duration-ms="36798">
      <class name="POMTestNG.TradeMeTestAttributes">
        <test-method signature="initialSetUp()[pri:0, instance:POMTestNG.TradeMeTestAttributes@671a5887]" started-at="2021-02-22T00:03:48 NZDT" name="initialSetUp" finished-at="2021-02-22T00:03:55 NZDT" duration-ms="7023" status="PASS">
          <reporter-output>
          </reporter-output>
        </test-method> <!-- initialSetUp -->
        <test-method signature="navigateToWebPage()[pri:0, instance:POMTestNG.TradeMeTestAttributes@671a5887]" started-at="2021-02-22T00:03:55 NZDT" name="navigateToWebPage" description="This test is to naviagte to the website " finished-at="2021-02-22T00:03:55 NZDT" duration-ms="53" status="PASS">
          <reporter-output>
          </reporter-output>
        </test-method> <!-- navigateToWebPage -->
        <test-method signature="ClickLogin()[pri:0, instance:POMTestNG.TradeMeTestAttributes@671a5887]" started-at="2021-02-22T00:03:55 NZDT" name="ClickLogin" description="This test is to login" finished-at="2021-02-22T00:03:58 NZDT" duration-ms="2942" status="PASS">
          <reporter-output>
          </reporter-output>
        </test-method> <!-- ClickLogin -->
        <test-method signature="ClickRegistration()[pri:0, instance:POMTestNG.TradeMeTestAttributes@671a5887]" started-at="2021-02-22T00:03:58 NZDT" name="ClickRegistration" description="This test is to register" finished-at="2021-02-22T00:04:05 NZDT" duration-ms="6658" status="PASS">
          <reporter-output>
          </reporter-output>
        </test-method> <!-- ClickRegistration -->
        <test-method signature="SearchSomething()[pri:0, instance:POMTestNG.TradeMeTestAttributes@671a5887]" started-at="2021-02-22T00:04:05 NZDT" name="SearchSomething" description="This test is to search some thing " finished-at="2021-02-22T00:04:15 NZDT" duration-ms="10203" status="PASS">
          <reporter-output>
          </reporter-output>
        </test-method> <!-- SearchSomething -->
        <test-method signature="displayCart()[pri:0, instance:POMTestNG.TradeMeTestAttributes@671a5887]" started-at="2021-02-22T00:04:15 NZDT" name="displayCart" description="This test is to display cart" finished-at="2021-02-22T00:04:24 NZDT" duration-ms="8493" status="PASS">
          <reporter-output>
          </reporter-output>
        </test-method> <!-- displayCart -->
        <test-method signature="tearDown()[pri:0, instance:POMTestNG.TradeMeTestAttributes@671a5887]" started-at="2021-02-22T00:04:24 NZDT" name="tearDown" description="This test is to tidy up the driver" finished-at="2021-02-22T00:04:25 NZDT" depends-on-methods="POMTestNG.TradeMeTestAttributes.initialSetUp" duration-ms="1374" status="PASS">
          <reporter-output>
          </reporter-output>
        </test-method> <!-- tearDown -->
      </class> <!-- POMTestNG.TradeMeTestAttributes -->
    </test> <!-- TestAttribute -->
  </suite> <!-- Suite -->
</testng-results>
